<?xml version="1.0" encoding="UTF-8"?>
<testsuite xmlns:xsi="http://www.w3.org/2001/XMLSchema-instance" xsi:noNamespaceSchemaLocation="https://maven.apache.org/surefire/maven-surefire-plugin/xsd/surefire-test-report.xsd" version="3.0.2" name="TestSuite" time="38.062" tests="6" errors="0" skipped="0" failures="0">
  <properties>
    <property name="java.specification.version" value="23"/>
    <property name="webdriver.chrome.driver" value="C:\Users\DELL\.cache\selenium\chromedriver\win64\129.0.6668.100\chromedriver.exe"/>
    <property name="sun.cpu.isalist" value="amd64"/>
    <property name="sun.jnu.encoding" value="Cp1252"/>
    <property name="java.class.path" value="C:\Users\DELL\eclipse-workspace\Project1\demobalzer\target\test-classes;C:\Users\DELL\eclipse-workspace\Project1\demobalzer\target\classes;C:\Users\DELL\.m2\repository\io\github\bonigarcia\webdrivermanager\5.5.3\webdrivermanager-5.5.3.jar;C:\Users\DELL\.m2\repository\com\google\code\gson\gson\2.10.1\gson-2.10.1.jar;C:\Users\DELL\.m2\repository\com\github\docker-java\docker-java\3.3.3\docker-java-3.3.3.jar;C:\Users\DELL\.m2\repository\com\github\docker-java\docker-java-core\3.3.3\docker-java-core-3.3.3.jar;C:\Users\DELL\.m2\repository\com\github\docker-java\docker-java-api\3.3.3\docker-java-api-3.3.3.jar;C:\Users\DELL\.m2\repository\com\fasterxml\jackson\core\jackson-annotations\2.10.3\jackson-annotations-2.10.3.jar;C:\Users\DELL\.m2\repository\com\fasterxml\jackson\core\jackson-databind\2.10.3\jackson-databind-2.10.3.jar;C:\Users\DELL\.m2\repository\com\fasterxml\jackson\core\jackson-core\2.10.3\jackson-core-2.10.3.jar;C:\Users\DELL\.m2\repository\org\bouncycastle\bcpkix-jdk18on\1.75\bcpkix-jdk18on-1.75.jar;C:\Users\DELL\.m2\repository\org\bouncycastle\bcprov-jdk18on\1.75\bcprov-jdk18on-1.75.jar;C:\Users\DELL\.m2\repository\org\bouncycastle\bcutil-jdk18on\1.75\bcutil-jdk18on-1.75.jar;C:\Users\DELL\.m2\repository\org\slf4j\jcl-over-slf4j\1.7.30\jcl-over-slf4j-1.7.30.jar;C:\Users\DELL\.m2\repository\com\github\docker-java\docker-java-transport-httpclient5\3.3.3\docker-java-transport-httpclient5-3.3.3.jar;C:\Users\DELL\.m2\repository\com\github\docker-java\docker-java-transport\3.3.3\docker-java-transport-3.3.3.jar;C:\Users\DELL\.m2\repository\net\java\dev\jna\jna\5.12.1\jna-5.12.1.jar;C:\Users\DELL\.m2\repository\org\brotli\dec\0.1.2\dec-0.1.2.jar;C:\Users\DELL\.m2\repository\org\apache\commons\commons-lang3\3.13.0\commons-lang3-3.13.0.jar;C:\Users\DELL\.m2\repository\org\apache\httpcomponents\client5\httpclient5\5.2.1\httpclient5-5.2.1.jar;C:\Users\DELL\.m2\repository\org\apache\httpcomponents\core5\httpcore5\5.2\httpcore5-5.2.jar;C:\Users\DELL\.m2\repository\org\apache\httpcomponents\core5\httpcore5-h2\5.2\httpcore5-h2-5.2.jar;C:\Users\DELL\.m2\repository\org\seleniumhq\selenium\selenium-java\4.23.0\selenium-java-4.23.0.jar;C:\Users\DELL\.m2\repository\org\seleniumhq\selenium\selenium-api\4.23.0\selenium-api-4.23.0.jar;C:\Users\DELL\.m2\repository\org\seleniumhq\selenium\selenium-chrome-driver\4.23.0\selenium-chrome-driver-4.23.0.jar;C:\Users\DELL\.m2\repository\com\google\auto\service\auto-service-annotations\1.1.1\auto-service-annotations-1.1.1.jar;C:\Users\DELL\.m2\repository\org\seleniumhq\selenium\selenium-chromium-driver\4.23.0\selenium-chromium-driver-4.23.0.jar;C:\Users\DELL\.m2\repository\org\seleniumhq\selenium\selenium-json\4.23.0\selenium-json-4.23.0.jar;C:\Users\DELL\.m2\repository\org\seleniumhq\selenium\selenium-manager\4.23.0\selenium-manager-4.23.0.jar;C:\Users\DELL\.m2\repository\org\seleniumhq\selenium\selenium-devtools-v125\4.23.0\selenium-devtools-v125-4.23.0.jar;C:\Users\DELL\.m2\repository\org\seleniumhq\selenium\selenium-devtools-v126\4.23.0\selenium-devtools-v126-4.23.0.jar;C:\Users\DELL\.m2\repository\org\seleniumhq\selenium\selenium-devtools-v127\4.23.0\selenium-devtools-v127-4.23.0.jar;C:\Users\DELL\.m2\repository\org\seleniumhq\selenium\selenium-devtools-v85\4.23.0\selenium-devtools-v85-4.23.0.jar;C:\Users\DELL\.m2\repository\org\seleniumhq\selenium\selenium-edge-driver\4.23.0\selenium-edge-driver-4.23.0.jar;C:\Users\DELL\.m2\repository\org\seleniumhq\selenium\selenium-firefox-driver\4.23.0\selenium-firefox-driver-4.23.0.jar;C:\Users\DELL\.m2\repository\org\seleniumhq\selenium\selenium-http\4.23.0\selenium-http-4.23.0.jar;C:\Users\DELL\.m2\repository\dev\failsafe\failsafe\3.3.2\failsafe-3.3.2.jar;C:\Users\DELL\.m2\repository\org\seleniumhq\selenium\selenium-ie-driver\4.23.0\selenium-ie-driver-4.23.0.jar;C:\Users\DELL\.m2\repository\org\seleniumhq\selenium\selenium-remote-driver\4.23.0\selenium-remote-driver-4.23.0.jar;C:\Users\DELL\.m2\repository\io\opentelemetry\semconv\opentelemetry-semconv\1.25.0-alpha\opentelemetry-semconv-1.25.0-alpha.jar;C:\Users\DELL\.m2\repository\io\opentelemetry\opentelemetry-api\1.40.0\opentelemetry-api-1.40.0.jar;C:\Users\DELL\.m2\repository\io\opentelemetry\opentelemetry-context\1.40.0\opentelemetry-context-1.40.0.jar;C:\Users\DELL\.m2\repository\io\opentelemetry\opentelemetry-exporter-logging\1.40.0\opentelemetry-exporter-logging-1.40.0.jar;C:\Users\DELL\.m2\repository\io\opentelemetry\opentelemetry-sdk-common\1.40.0\opentelemetry-sdk-common-1.40.0.jar;C:\Users\DELL\.m2\repository\io\opentelemetry\opentelemetry-sdk-extension-autoconfigure-spi\1.40.0\opentelemetry-sdk-extension-autoconfigure-spi-1.40.0.jar;C:\Users\DELL\.m2\repository\io\opentelemetry\opentelemetry-sdk-extension-autoconfigure\1.40.0\opentelemetry-sdk-extension-autoconfigure-1.40.0.jar;C:\Users\DELL\.m2\repository\io\opentelemetry\opentelemetry-api-incubator\1.40.0-alpha\opentelemetry-api-incubator-1.40.0-alpha.jar;C:\Users\DELL\.m2\repository\io\opentelemetry\opentelemetry-sdk-trace\1.40.0\opentelemetry-sdk-trace-1.40.0.jar;C:\Users\DELL\.m2\repository\io\opentelemetry\opentelemetry-sdk\1.40.0\opentelemetry-sdk-1.40.0.jar;C:\Users\DELL\.m2\repository\io\opentelemetry\opentelemetry-sdk-metrics\1.40.0\opentelemetry-sdk-metrics-1.40.0.jar;C:\Users\DELL\.m2\repository\io\opentelemetry\opentelemetry-sdk-logs\1.40.0\opentelemetry-sdk-logs-1.40.0.jar;C:\Users\DELL\.m2\repository\net\bytebuddy\byte-buddy\1.14.18\byte-buddy-1.14.18.jar;C:\Users\DELL\.m2\repository\org\seleniumhq\selenium\selenium-os\4.23.0\selenium-os-4.23.0.jar;C:\Users\DELL\.m2\repository\org\apache\commons\commons-exec\1.4.0\commons-exec-1.4.0.jar;C:\Users\DELL\.m2\repository\org\seleniumhq\selenium\selenium-safari-driver\4.23.0\selenium-safari-driver-4.23.0.jar;C:\Users\DELL\.m2\repository\org\seleniumhq\selenium\selenium-support\4.23.0\selenium-support-4.23.0.jar;C:\Users\DELL\.m2\repository\org\testng\testng\7.4.0\testng-7.4.0.jar;C:\Users\DELL\.m2\repository\com\beust\jcommander\1.78\jcommander-1.78.jar;C:\Users\DELL\.m2\repository\org\webjars\jquery\3.5.1\jquery-3.5.1.jar;C:\Users\DELL\.m2\repository\org\uncommons\reportng\1.1.2\reportng-1.1.2.jar;C:\Users\DELL\.m2\repository\org\testng\testng\5.0\testng-5.0-jdk15.jar;C:\Users\DELL\.m2\repository\ant\ant\1.6.5\ant-1.6.5.jar;C:\Users\DELL\.m2\repository\junit\junit\3.8.1\junit-3.8.1.jar;C:\Users\DELL\.m2\repository\velocity\velocity\1.4\velocity-1.4.jar;C:\Users\DELL\.m2\repository\velocity\velocity-dep\1.4\velocity-dep-1.4.jar;C:\Users\DELL\.m2\repository\com\google\inject\guice\6.0.0\guice-6.0.0.jar;C:\Users\DELL\.m2\repository\javax\inject\javax.inject\1\javax.inject-1.jar;C:\Users\DELL\.m2\repository\jakarta\inject\jakarta.inject-api\2.0.1\jakarta.inject-api-2.0.1.jar;C:\Users\DELL\.m2\repository\aopalliance\aopalliance\1.0\aopalliance-1.0.jar;C:\Users\DELL\.m2\repository\com\google\guava\guava\31.0.1-jre\guava-31.0.1-jre.jar;C:\Users\DELL\.m2\repository\com\google\guava\failureaccess\1.0.1\failureaccess-1.0.1.jar;C:\Users\DELL\.m2\repository\com\google\guava\listenablefuture\9999.0-empty-to-avoid-conflict-with-guava\listenablefuture-9999.0-empty-to-avoid-conflict-with-guava.jar;C:\Users\DELL\.m2\repository\com\google\code\findbugs\jsr305\3.0.2\jsr305-3.0.2.jar;C:\Users\DELL\.m2\repository\org\checkerframework\checker-qual\3.12.0\checker-qual-3.12.0.jar;C:\Users\DELL\.m2\repository\com\google\errorprone\error_prone_annotations\2.7.1\error_prone_annotations-2.7.1.jar;C:\Users\DELL\.m2\repository\com\google\j2objc\j2objc-annotations\1.3\j2objc-annotations-1.3.jar;C:\Users\DELL\.m2\repository\commons-io\commons-io\2.11.0\commons-io-2.11.0.jar;C:\Users\DELL\.m2\repository\org\apache\poi\poi\5.2.2\poi-5.2.2.jar;C:\Users\DELL\.m2\repository\commons-codec\commons-codec\1.15\commons-codec-1.15.jar;C:\Users\DELL\.m2\repository\org\apache\commons\commons-math3\3.6.1\commons-math3-3.6.1.jar;C:\Users\DELL\.m2\repository\com\zaxxer\SparseBitSet\1.2\SparseBitSet-1.2.jar;C:\Users\DELL\.m2\repository\org\apache\logging\log4j\log4j-api\2.17.2\log4j-api-2.17.2.jar;C:\Users\DELL\.m2\repository\org\apache\poi\poi-ooxml\5.2.2\poi-ooxml-5.2.2.jar;C:\Users\DELL\.m2\repository\org\apache\poi\poi-ooxml-lite\5.2.2\poi-ooxml-lite-5.2.2.jar;C:\Users\DELL\.m2\repository\org\apache\commons\commons-compress\1.21\commons-compress-1.21.jar;C:\Users\DELL\.m2\repository\com\github\virtuald\curvesapi\1.07\curvesapi-1.07.jar;C:\Users\DELL\.m2\repository\org\apache\poi\poi-ooxml-schemas\4.1.2\poi-ooxml-schemas-4.1.2.jar;C:\Users\DELL\.m2\repository\org\apache\xmlbeans\xmlbeans\5.1.1\xmlbeans-5.1.1.jar;C:\Users\DELL\.m2\repository\org\apache\commons\commons-collections4\4.4\commons-collections4-4.4.jar;C:\Users\DELL\.m2\repository\com\aventstack\extentreports\5.0.6\extentreports-5.0.6.jar;C:\Users\DELL\.m2\repository\io\reactivex\rxjava3\rxjava\3.0.4\rxjava-3.0.4.jar;C:\Users\DELL\.m2\repository\org\reactivestreams\reactive-streams\1.0.3\reactive-streams-1.0.3.jar;C:\Users\DELL\.m2\repository\org\freemarker\freemarker\2.3.30\freemarker-2.3.30.jar;C:\Users\DELL\.m2\repository\org\projectlombok\lombok\1.18.12\lombok-1.18.12.jar;C:\Users\DELL\.m2\repository\org\slf4j\slf4j-api\2.0.7\slf4j-api-2.0.7.jar;C:\Users\DELL\.m2\repository\org\slf4j\slf4j-simple\2.0.7\slf4j-simple-2.0.7.jar;"/>
    <property name="java.vm.vendor" value="Oracle Corporation"/>
    <property name="sun.arch.data.model" value="64"/>
    <property name="user.variant" value=""/>
    <property name="java.vendor.url" value="https://java.oracle.com/"/>
    <property name="user.timezone" value="Asia/Calcutta"/>
    <property name="os.name" value="Windows 10"/>
    <property name="java.vm.specification.version" value="23"/>
    <property name="sun.java.launcher" value="SUN_STANDARD"/>
    <property name="user.country" value="IN"/>
    <property name="sun.boot.library.path" value="C:\Program Files\Java\jdk-23\bin"/>
    <property name="sun.java.command" value="C:\Users\DELL\AppData\Local\Temp\surefire457972667810654342\surefirebooter-20241018152322806_3.jar C:\Users\DELL\AppData\Local\Temp\surefire457972667810654342 2024-10-18T15-23-22_492-jvmRun1 surefire-20241018152322806_1tmp surefire_0-20241018152322806_2tmp"/>
    <property name="jdk.debug" value="release"/>
    <property name="surefire.test.class.path" value="C:\Users\DELL\eclipse-workspace\Project1\demobalzer\target\test-classes;C:\Users\DELL\eclipse-workspace\Project1\demobalzer\target\classes;C:\Users\DELL\.m2\repository\io\github\bonigarcia\webdrivermanager\5.5.3\webdrivermanager-5.5.3.jar;C:\Users\DELL\.m2\repository\com\google\code\gson\gson\2.10.1\gson-2.10.1.jar;C:\Users\DELL\.m2\repository\com\github\docker-java\docker-java\3.3.3\docker-java-3.3.3.jar;C:\Users\DELL\.m2\repository\com\github\docker-java\docker-java-core\3.3.3\docker-java-core-3.3.3.jar;C:\Users\DELL\.m2\repository\com\github\docker-java\docker-java-api\3.3.3\docker-java-api-3.3.3.jar;C:\Users\DELL\.m2\repository\com\fasterxml\jackson\core\jackson-annotations\2.10.3\jackson-annotations-2.10.3.jar;C:\Users\DELL\.m2\repository\com\fasterxml\jackson\core\jackson-databind\2.10.3\jackson-databind-2.10.3.jar;C:\Users\DELL\.m2\repository\com\fasterxml\jackson\core\jackson-core\2.10.3\jackson-core-2.10.3.jar;C:\Users\DELL\.m2\repository\org\bouncycastle\bcpkix-jdk18on\1.75\bcpkix-jdk18on-1.75.jar;C:\Users\DELL\.m2\repository\org\bouncycastle\bcprov-jdk18on\1.75\bcprov-jdk18on-1.75.jar;C:\Users\DELL\.m2\repository\org\bouncycastle\bcutil-jdk18on\1.75\bcutil-jdk18on-1.75.jar;C:\Users\DELL\.m2\repository\org\slf4j\jcl-over-slf4j\1.7.30\jcl-over-slf4j-1.7.30.jar;C:\Users\DELL\.m2\repository\com\github\docker-java\docker-java-transport-httpclient5\3.3.3\docker-java-transport-httpclient5-3.3.3.jar;C:\Users\DELL\.m2\repository\com\github\docker-java\docker-java-transport\3.3.3\docker-java-transport-3.3.3.jar;C:\Users\DELL\.m2\repository\net\java\dev\jna\jna\5.12.1\jna-5.12.1.jar;C:\Users\DELL\.m2\repository\org\brotli\dec\0.1.2\dec-0.1.2.jar;C:\Users\DELL\.m2\repository\org\apache\commons\commons-lang3\3.13.0\commons-lang3-3.13.0.jar;C:\Users\DELL\.m2\repository\org\apache\httpcomponents\client5\httpclient5\5.2.1\httpclient5-5.2.1.jar;C:\Users\DELL\.m2\repository\org\apache\httpcomponents\core5\httpcore5\5.2\httpcore5-5.2.jar;C:\Users\DELL\.m2\repository\org\apache\httpcomponents\core5\httpcore5-h2\5.2\httpcore5-h2-5.2.jar;C:\Users\DELL\.m2\repository\org\seleniumhq\selenium\selenium-java\4.23.0\selenium-java-4.23.0.jar;C:\Users\DELL\.m2\repository\org\seleniumhq\selenium\selenium-api\4.23.0\selenium-api-4.23.0.jar;C:\Users\DELL\.m2\repository\org\seleniumhq\selenium\selenium-chrome-driver\4.23.0\selenium-chrome-driver-4.23.0.jar;C:\Users\DELL\.m2\repository\com\google\auto\service\auto-service-annotations\1.1.1\auto-service-annotations-1.1.1.jar;C:\Users\DELL\.m2\repository\org\seleniumhq\selenium\selenium-chromium-driver\4.23.0\selenium-chromium-driver-4.23.0.jar;C:\Users\DELL\.m2\repository\org\seleniumhq\selenium\selenium-json\4.23.0\selenium-json-4.23.0.jar;C:\Users\DELL\.m2\repository\org\seleniumhq\selenium\selenium-manager\4.23.0\selenium-manager-4.23.0.jar;C:\Users\DELL\.m2\repository\org\seleniumhq\selenium\selenium-devtools-v125\4.23.0\selenium-devtools-v125-4.23.0.jar;C:\Users\DELL\.m2\repository\org\seleniumhq\selenium\selenium-devtools-v126\4.23.0\selenium-devtools-v126-4.23.0.jar;C:\Users\DELL\.m2\repository\org\seleniumhq\selenium\selenium-devtools-v127\4.23.0\selenium-devtools-v127-4.23.0.jar;C:\Users\DELL\.m2\repository\org\seleniumhq\selenium\selenium-devtools-v85\4.23.0\selenium-devtools-v85-4.23.0.jar;C:\Users\DELL\.m2\repository\org\seleniumhq\selenium\selenium-edge-driver\4.23.0\selenium-edge-driver-4.23.0.jar;C:\Users\DELL\.m2\repository\org\seleniumhq\selenium\selenium-firefox-driver\4.23.0\selenium-firefox-driver-4.23.0.jar;C:\Users\DELL\.m2\repository\org\seleniumhq\selenium\selenium-http\4.23.0\selenium-http-4.23.0.jar;C:\Users\DELL\.m2\repository\dev\failsafe\failsafe\3.3.2\failsafe-3.3.2.jar;C:\Users\DELL\.m2\repository\org\seleniumhq\selenium\selenium-ie-driver\4.23.0\selenium-ie-driver-4.23.0.jar;C:\Users\DELL\.m2\repository\org\seleniumhq\selenium\selenium-remote-driver\4.23.0\selenium-remote-driver-4.23.0.jar;C:\Users\DELL\.m2\repository\io\opentelemetry\semconv\opentelemetry-semconv\1.25.0-alpha\opentelemetry-semconv-1.25.0-alpha.jar;C:\Users\DELL\.m2\repository\io\opentelemetry\opentelemetry-api\1.40.0\opentelemetry-api-1.40.0.jar;C:\Users\DELL\.m2\repository\io\opentelemetry\opentelemetry-context\1.40.0\opentelemetry-context-1.40.0.jar;C:\Users\DELL\.m2\repository\io\opentelemetry\opentelemetry-exporter-logging\1.40.0\opentelemetry-exporter-logging-1.40.0.jar;C:\Users\DELL\.m2\repository\io\opentelemetry\opentelemetry-sdk-common\1.40.0\opentelemetry-sdk-common-1.40.0.jar;C:\Users\DELL\.m2\repository\io\opentelemetry\opentelemetry-sdk-extension-autoconfigure-spi\1.40.0\opentelemetry-sdk-extension-autoconfigure-spi-1.40.0.jar;C:\Users\DELL\.m2\repository\io\opentelemetry\opentelemetry-sdk-extension-autoconfigure\1.40.0\opentelemetry-sdk-extension-autoconfigure-1.40.0.jar;C:\Users\DELL\.m2\repository\io\opentelemetry\opentelemetry-api-incubator\1.40.0-alpha\opentelemetry-api-incubator-1.40.0-alpha.jar;C:\Users\DELL\.m2\repository\io\opentelemetry\opentelemetry-sdk-trace\1.40.0\opentelemetry-sdk-trace-1.40.0.jar;C:\Users\DELL\.m2\repository\io\opentelemetry\opentelemetry-sdk\1.40.0\opentelemetry-sdk-1.40.0.jar;C:\Users\DELL\.m2\repository\io\opentelemetry\opentelemetry-sdk-metrics\1.40.0\opentelemetry-sdk-metrics-1.40.0.jar;C:\Users\DELL\.m2\repository\io\opentelemetry\opentelemetry-sdk-logs\1.40.0\opentelemetry-sdk-logs-1.40.0.jar;C:\Users\DELL\.m2\repository\net\bytebuddy\byte-buddy\1.14.18\byte-buddy-1.14.18.jar;C:\Users\DELL\.m2\repository\org\seleniumhq\selenium\selenium-os\4.23.0\selenium-os-4.23.0.jar;C:\Users\DELL\.m2\repository\org\apache\commons\commons-exec\1.4.0\commons-exec-1.4.0.jar;C:\Users\DELL\.m2\repository\org\seleniumhq\selenium\selenium-safari-driver\4.23.0\selenium-safari-driver-4.23.0.jar;C:\Users\DELL\.m2\repository\org\seleniumhq\selenium\selenium-support\4.23.0\selenium-support-4.23.0.jar;C:\Users\DELL\.m2\repository\org\testng\testng\7.4.0\testng-7.4.0.jar;C:\Users\DELL\.m2\repository\com\beust\jcommander\1.78\jcommander-1.78.jar;C:\Users\DELL\.m2\repository\org\webjars\jquery\3.5.1\jquery-3.5.1.jar;C:\Users\DELL\.m2\repository\org\uncommons\reportng\1.1.2\reportng-1.1.2.jar;C:\Users\DELL\.m2\repository\org\testng\testng\5.0\testng-5.0-jdk15.jar;C:\Users\DELL\.m2\repository\ant\ant\1.6.5\ant-1.6.5.jar;C:\Users\DELL\.m2\repository\junit\junit\3.8.1\junit-3.8.1.jar;C:\Users\DELL\.m2\repository\velocity\velocity\1.4\velocity-1.4.jar;C:\Users\DELL\.m2\repository\velocity\velocity-dep\1.4\velocity-dep-1.4.jar;C:\Users\DELL\.m2\repository\com\google\inject\guice\6.0.0\guice-6.0.0.jar;C:\Users\DELL\.m2\repository\javax\inject\javax.inject\1\javax.inject-1.jar;C:\Users\DELL\.m2\repository\jakarta\inject\jakarta.inject-api\2.0.1\jakarta.inject-api-2.0.1.jar;C:\Users\DELL\.m2\repository\aopalliance\aopalliance\1.0\aopalliance-1.0.jar;C:\Users\DELL\.m2\repository\com\google\guava\guava\31.0.1-jre\guava-31.0.1-jre.jar;C:\Users\DELL\.m2\repository\com\google\guava\failureaccess\1.0.1\failureaccess-1.0.1.jar;C:\Users\DELL\.m2\repository\com\google\guava\listenablefuture\9999.0-empty-to-avoid-conflict-with-guava\listenablefuture-9999.0-empty-to-avoid-conflict-with-guava.jar;C:\Users\DELL\.m2\repository\com\google\code\findbugs\jsr305\3.0.2\jsr305-3.0.2.jar;C:\Users\DELL\.m2\repository\org\checkerframework\checker-qual\3.12.0\checker-qual-3.12.0.jar;C:\Users\DELL\.m2\repository\com\google\errorprone\error_prone_annotations\2.7.1\error_prone_annotations-2.7.1.jar;C:\Users\DELL\.m2\repository\com\google\j2objc\j2objc-annotations\1.3\j2objc-annotations-1.3.jar;C:\Users\DELL\.m2\repository\commons-io\commons-io\2.11.0\commons-io-2.11.0.jar;C:\Users\DELL\.m2\repository\org\apache\poi\poi\5.2.2\poi-5.2.2.jar;C:\Users\DELL\.m2\repository\commons-codec\commons-codec\1.15\commons-codec-1.15.jar;C:\Users\DELL\.m2\repository\org\apache\commons\commons-math3\3.6.1\commons-math3-3.6.1.jar;C:\Users\DELL\.m2\repository\com\zaxxer\SparseBitSet\1.2\SparseBitSet-1.2.jar;C:\Users\DELL\.m2\repository\org\apache\logging\log4j\log4j-api\2.17.2\log4j-api-2.17.2.jar;C:\Users\DELL\.m2\repository\org\apache\poi\poi-ooxml\5.2.2\poi-ooxml-5.2.2.jar;C:\Users\DELL\.m2\repository\org\apache\poi\poi-ooxml-lite\5.2.2\poi-ooxml-lite-5.2.2.jar;C:\Users\DELL\.m2\repository\org\apache\commons\commons-compress\1.21\commons-compress-1.21.jar;C:\Users\DELL\.m2\repository\com\github\virtuald\curvesapi\1.07\curvesapi-1.07.jar;C:\Users\DELL\.m2\repository\org\apache\poi\poi-ooxml-schemas\4.1.2\poi-ooxml-schemas-4.1.2.jar;C:\Users\DELL\.m2\repository\org\apache\xmlbeans\xmlbeans\5.1.1\xmlbeans-5.1.1.jar;C:\Users\DELL\.m2\repository\org\apache\commons\commons-collections4\4.4\commons-collections4-4.4.jar;C:\Users\DELL\.m2\repository\com\aventstack\extentreports\5.0.6\extentreports-5.0.6.jar;C:\Users\DELL\.m2\repository\io\reactivex\rxjava3\rxjava\3.0.4\rxjava-3.0.4.jar;C:\Users\DELL\.m2\repository\org\reactivestreams\reactive-streams\1.0.3\reactive-streams-1.0.3.jar;C:\Users\DELL\.m2\repository\org\freemarker\freemarker\2.3.30\freemarker-2.3.30.jar;C:\Users\DELL\.m2\repository\org\projectlombok\lombok\1.18.12\lombok-1.18.12.jar;C:\Users\DELL\.m2\repository\org\slf4j\slf4j-api\2.0.7\slf4j-api-2.0.7.jar;C:\Users\DELL\.m2\repository\org\slf4j\slf4j-simple\2.0.7\slf4j-simple-2.0.7.jar;"/>
    <property name="sun.cpu.endian" value="little"/>
    <property name="user.home" value="C:\Users\DELL"/>
    <property name="user.language" value="en"/>
    <property name="java.specification.vendor" value="Oracle Corporation"/>
    <property name="java.version.date" value="2024-09-17"/>
    <property name="java.home" value="C:\Program Files\Java\jdk-23"/>
    <property name="file.separator" value="\"/>
    <property name="basedir" value="C:\Users\DELL\eclipse-workspace\Project1\demobalzer"/>
    <property name="java.vm.compressedOopsMode" value="32-bit"/>
    <property name="line.separator" value="&#10;"/>
    <property name="java.vm.specification.vendor" value="Oracle Corporation"/>
    <property name="java.specification.name" value="Java Platform API Specification"/>
    <property name="surefire.real.class.path" value="C:\Users\DELL\AppData\Local\Temp\surefire457972667810654342\surefirebooter-20241018152322806_3.jar"/>
    <property name="user.script" value=""/>
    <property name="sun.management.compiler" value="HotSpot 64-Bit Tiered Compilers"/>
    <property name="java.runtime.version" value="23+37-2369"/>
    <property name="user.name" value="DELL"/>
    <property name="stdout.encoding" value="Cp1252"/>
    <property name="path.separator" value=";"/>
    <property name="os.version" value="10.0"/>
    <property name="java.runtime.name" value="Java(TM) SE Runtime Environment"/>
    <property name="file.encoding" value="UTF-8"/>
    <property name="java.vm.name" value="Java HotSpot(TM) 64-Bit Server VM"/>
    <property name="localRepository" value="C:\Users\DELL\.m2\repository"/>
    <property name="java.vendor.url.bug" value="https://bugreport.java.com/bugreport/"/>
    <property name="java.io.tmpdir" value="C:\Users\DELL\AppData\Local\Temp\"/>
    <property name="java.version" value="23"/>
    <property name="user.dir" value="C:\Users\DELL\eclipse-workspace\Project1\demobalzer"/>
    <property name="os.arch" value="amd64"/>
    <property name="java.vm.specification.name" value="Java Virtual Machine Specification"/>
    <property name="sun.os.patch.level" value=""/>
    <property name="native.encoding" value="Cp1252"/>
    <property name="java.library.path" value="C:\Program Files\Java\jdk-23\bin;C:\WINDOWS\Sun\Java\bin;C:\WINDOWS\system32;C:\WINDOWS;C:\Program Files\apache-maven-3.9.9/bin;C:\Program Files\Java\jdk-23/bin;C:\Program Files\Java\jdk-23/bin;C:\Program Files\Common Files\Oracle\Java\javapath;C:\Program Files (x86)\VMware\VMware Workstation\bin\;C:\WINDOWS\system32;C:\WINDOWS;C:\WINDOWS\System32\Wbem;C:\WINDOWS\System32\WindowsPowerShell\v1.0\;C:\WINDOWS\System32\OpenSSH\;C:\Users\DELL\java 18;C:\Program Files\dotnet\;C:\Program Files\Java\jdk-21\bin;C:\Program Files\nodejs;C:\Users\DELL\AppData\Local\Android\Sdk\platform-tools;%ANDROID_HOME%\build-tools;%ANDROID_HOME%\platform-tools;C:\Program Files\apache-maven-3.9.9\bin;C:\Program Files\Java\jdk-21;C:\Program Files\Java\jdk-21\bin;C:\Users\DELL\AppData\Local\Programs\Python\Launcher\;C:\Users\DELL\java 18;C:\Users\DELL\AppData\Roaming\npm;C:\Users\DELL\AppData\Local\Programs\Microsoft VS Code\bin;C:\Program Files\apache-maven-3.9.9\bin;C:\Program Files\Java\jdk-21\bin;;."/>
    <property name="java.vm.info" value="mixed mode, sharing"/>
    <property name="stderr.encoding" value="Cp1252"/>
    <property name="java.vendor" value="Oracle Corporation"/>
    <property name="java.vm.version" value="23+37-2369"/>
    <property name="sun.io.unicode.encoding" value="UnicodeLittle"/>
    <property name="java.class.version" value="67.0"/>
  </properties>
  <testcase name="Contactpage" classname="com.test.Contacttest" time="0.002">
    <system-out><![CDATA[



CONFIGURING TESTNG




]]></system-out>
    <system-err><![CDATA[[main] INFO io.github.bonigarcia.wdm.WebDriverManager - Using chromedriver 129.0.6668.100 (resolved driver for Chrome 129)
[main] INFO io.github.bonigarcia.wdm.WebDriverManager - Exporting webdriver.chrome.driver as C:\Users\DELL\.cache\selenium\chromedriver\win64\129.0.6668.100\chromedriver.exe
Oct 18, 2024 3:23:29 PM org.openqa.selenium.devtools.CdpVersionFinder findNearestMatch
WARNING: Unable to find an exact match for CDP version 129, returning the closest version; found: 127; Please update to a Selenium version that supports CDP version 129
]]></system-err>
  </testcase>
  <testcase name="testHomebutton" classname="com.test.Aoutustest" time="0.0">
    <system-err><![CDATA[[main] INFO io.github.bonigarcia.wdm.WebDriverManager - Using chromedriver 129.0.6668.100 (resolved driver for Chrome 129)
[main] INFO io.github.bonigarcia.wdm.WebDriverManager - Exporting webdriver.chrome.driver as C:\Users\DELL\.cache\selenium\chromedriver\win64\129.0.6668.100\chromedriver.exe
Oct 18, 2024 3:23:32 PM org.openqa.selenium.devtools.CdpVersionFinder findNearestMatch
WARNING: Unable to find an exact match for CDP version 129, returning the closest version; found: 127; Please update to a Selenium version that supports CDP version 129
]]></system-err>
  </testcase>
  <testcase name="testHomebutton" classname="com.test.HomepageTest" time="0.359">
    <system-err><![CDATA[[main] INFO io.github.bonigarcia.wdm.WebDriverManager - Using chromedriver 129.0.6668.100 (resolved driver for Chrome 129)
[main] INFO io.github.bonigarcia.wdm.WebDriverManager - Exporting webdriver.chrome.driver as C:\Users\DELL\.cache\selenium\chromedriver\win64\129.0.6668.100\chromedriver.exe
Oct 18, 2024 3:23:43 PM org.openqa.selenium.devtools.CdpVersionFinder findNearestMatch
WARNING: Unable to find an exact match for CDP version 129, returning the closest version; found: 127; Please update to a Selenium version that supports CDP version 129
]]></system-err>
  </testcase>
  <testcase name="testPrintProductDetails" classname="com.test.Producttest" time="0.059">
    <system-out><![CDATA[Product names or prices are not loaded.
]]></system-out>
    <system-err><![CDATA[java.io.FileNotFoundException: path\to\your\excel\file.xlsx (The system cannot find the path specified)
	at java.base/java.io.FileInputStream.open0(Native Method)
	at java.base/java.io.FileInputStream.open(FileInputStream.java:219)
	at java.base/java.io.FileInputStream.<init>(FileInputStream.java:159)
	at com.test.ExcelProvider.getExcelData(ExcelProvider.java:23)
	at java.base/jdk.internal.reflect.DirectMethodHandleAccessor.invoke(DirectMethodHandleAccessor.java:103)
	at java.base/java.lang.reflect.Method.invoke(Method.java:580)
	at org.testng.internal.MethodInvocationHelper.invokeMethod(MethodInvocationHelper.java:133)
	at org.testng.internal.MethodInvocationHelper.invokeMethod(MethodInvocationHelper.java:77)
	at org.testng.internal.MethodInvocationHelper.invokeMethodNoCheckedException(MethodInvocationHelper.java:46)
	at org.testng.internal.MethodInvocationHelper.invokeDataProvider(MethodInvocationHelper.java:146)
	at org.testng.internal.Parameters.handleParameters(Parameters.java:798)
	at org.testng.internal.Parameters.handleParameters(Parameters.java:740)
	at org.testng.internal.ParameterHandler.handleParameters(ParameterHandler.java:59)
	at org.testng.internal.ParameterHandler.createParameters(ParameterHandler.java:38)
	at org.testng.internal.TestInvoker$MethodInvocationAgent.invoke(TestInvoker.java:791)
	at org.testng.internal.TestInvoker.invokeTestMethods(TestInvoker.java:146)
	at org.testng.internal.TestMethodWorker.invokeTestMethods(TestMethodWorker.java:146)
	at org.testng.internal.TestMethodWorker.run(TestMethodWorker.java:128)
	at java.base/java.util.ArrayList.forEach(ArrayList.java:1597)
	at org.testng.TestRunner.privateRun(TestRunner.java:794)
	at org.testng.TestRunner.run(TestRunner.java:596)
	at org.testng.SuiteRunner.runTest(SuiteRunner.java:377)
	at org.testng.SuiteRunner.runSequentially(SuiteRunner.java:371)
	at org.testng.SuiteRunner.privateRun(SuiteRunner.java:332)
	at org.testng.SuiteRunner.run(SuiteRunner.java:276)
	at org.testng.SuiteRunnerWorker.runSuite(SuiteRunnerWorker.java:53)
	at org.testng.SuiteRunnerWorker.run(SuiteRunnerWorker.java:96)
	at org.testng.TestNG.runSuitesSequentially(TestNG.java:1212)
	at org.testng.TestNG.runSuitesLocally(TestNG.java:1134)
	at org.testng.TestNG.runSuites(TestNG.java:1063)
	at org.testng.TestNG.run(TestNG.java:1031)
	at org.apache.maven.surefire.testng.TestNGExecutor.run(TestNGExecutor.java:308)
	at org.apache.maven.surefire.testng.TestNGXmlTestSuite.execute(TestNGXmlTestSuite.java:71)
	at org.apache.maven.surefire.testng.TestNGProvider.invoke(TestNGProvider.java:113)
	at org.apache.maven.surefire.booter.ForkedBooter.runSuitesInProcess(ForkedBooter.java:385)
	at org.apache.maven.surefire.booter.ForkedBooter.execute(ForkedBooter.java:162)
	at org.apache.maven.surefire.booter.ForkedBooter.run(ForkedBooter.java:507)
	at org.apache.maven.surefire.booter.ForkedBooter.main(ForkedBooter.java:495)
[main] INFO io.github.bonigarcia.wdm.WebDriverManager - Using chromedriver 129.0.6668.100 (resolved driver for Chrome 129)
[main] INFO io.github.bonigarcia.wdm.WebDriverManager - Exporting webdriver.chrome.driver as C:\Users\DELL\.cache\selenium\chromedriver\win64\129.0.6668.100\chromedriver.exe
Oct 18, 2024 3:23:48 PM org.openqa.selenium.devtools.CdpVersionFinder findNearestMatch
WARNING: Unable to find an exact match for CDP version 129, returning the closest version; found: 127; Please update to a Selenium version that supports CDP version 129
]]></system-err>
  </testcase>
  <testcase name="testPrintProductDetails" classname="com.test.Extentreport" time="0.112">
    <system-out><![CDATA[Product names or prices are not loaded.
]]></system-out>
    <system-err><![CDATA[[main] INFO io.github.bonigarcia.wdm.WebDriverManager - Using chromedriver 129.0.6668.100 (resolved driver for Chrome 129)
[main] INFO io.github.bonigarcia.wdm.WebDriverManager - Exporting webdriver.chrome.driver as C:\Users\DELL\.cache\selenium\chromedriver\win64\129.0.6668.100\chromedriver.exe
Oct 18, 2024 3:23:54 PM org.openqa.selenium.devtools.CdpVersionFinder findNearestMatch
WARNING: Unable to find an exact match for CDP version 129, returning the closest version; found: 127; Please update to a Selenium version that supports CDP version 129
]]></system-err>
  </testcase>
  <testcase name="testLogin" classname="com.test.LoginTest" time="1.098">
    <system-out><![CDATA[DEBUG   17292   [freemark] (): Couldn't find template in cache for "spark/spark.spa.ftl"("en_IN", UTF-8, parsed); will try to load it.
DEBUG   17292   [freemark] (): TemplateLoader.findTemplateSource("spark/spark.spa_en_IN.ftl"): Not found
DEBUG   17292   [freemark] (): TemplateLoader.findTemplateSource("spark/spark.spa_en.ftl"): Not found
DEBUG   17292   [freemark] (): TemplateLoader.findTemplateSource("spark/spark.spa.ftl"): Found
DEBUG   17292   [freemark] (): Loading template for "spark/spark.spa.ftl"("en_IN", UTF-8, parsed) from "jar:file:/C:/Users/DELL/.m2/repository/com/aventstack/extentreports/5.0.6/extentreports-5.0.6.jar!/com/aventstack/extentreports/templates/spark/spark.spa.ftl"
DEBUG   17292   [freemark] (): Couldn't find template in cache for "commons/commons-variables.ftl"("en_IN", UTF-8, parsed); will try to load it.
DEBUG   17292   [freemark] (): TemplateLoader.findTemplateSource("commons/commons-variables_en_IN.ftl"): Not found
DEBUG   17292   [freemark] (): TemplateLoader.findTemplateSource("commons/commons-variables_en.ftl"): Not found
DEBUG   17292   [freemark] (): TemplateLoader.findTemplateSource("commons/commons-variables.ftl"): Found
DEBUG   17292   [freemark] (): Loading template for "commons/commons-variables.ftl"("en_IN", UTF-8, parsed) from "jar:file:/C:/Users/DELL/.m2/repository/com/aventstack/extentreports/5.0.6/extentreports-5.0.6.jar!/com/aventstack/extentreports/templates/commons/commons-variables.ftl"
DEBUG   17292   [freemark] (): Couldn't find template in cache for "commons/commons-macros.ftl"("en_IN", UTF-8, parsed); will try to load it.
DEBUG   17292   [freemark] (): TemplateLoader.findTemplateSource("commons/commons-macros_en_IN.ftl"): Not found
DEBUG   17292   [freemark] (): TemplateLoader.findTemplateSource("commons/commons-macros_en.ftl"): Not found
DEBUG   17292   [freemark] (): TemplateLoader.findTemplateSource("commons/commons-macros.ftl"): Found
DEBUG   17292   [freemark] (): Loading template for "commons/commons-macros.ftl"("en_IN", UTF-8, parsed) from "jar:file:/C:/Users/DELL/.m2/repository/com/aventstack/extentreports/5.0.6/extentreports-5.0.6.jar!/com/aventstack/extentreports/templates/commons/commons-macros.ftl"
DEBUG   17292   [freemark] (): Couldn't find template in cache for "spark/macros/attributes.ftl"("en_IN", UTF-8, parsed); will try to load it.
DEBUG   17292   [freemark] (): TemplateLoader.findTemplateSource("spark/macros/attributes_en_IN.ftl"): Not found
DEBUG   17292   [freemark] (): TemplateLoader.findTemplateSource("spark/macros/attributes_en.ftl"): Not found
DEBUG   17292   [freemark] (): TemplateLoader.findTemplateSource("spark/macros/attributes.ftl"): Found
DEBUG   17292   [freemark] (): Loading template for "spark/macros/attributes.ftl"("en_IN", UTF-8, parsed) from "jar:file:/C:/Users/DELL/.m2/repository/com/aventstack/extentreports/5.0.6/extentreports-5.0.6.jar!/com/aventstack/extentreports/templates/spark/macros/attributes.ftl"
DEBUG   17292   [freemark] (): Couldn't find template in cache for "spark/macros/log.ftl"("en_IN", UTF-8, parsed); will try to load it.
DEBUG   17292   [freemark] (): TemplateLoader.findTemplateSource("spark/macros/log_en_IN.ftl"): Not found
DEBUG   17292   [freemark] (): TemplateLoader.findTemplateSource("spark/macros/log_en.ftl"): Not found
DEBUG   17292   [freemark] (): TemplateLoader.findTemplateSource("spark/macros/log.ftl"): Found
DEBUG   17292   [freemark] (): Loading template for "spark/macros/log.ftl"("en_IN", UTF-8, parsed) from "jar:file:/C:/Users/DELL/.m2/repository/com/aventstack/extentreports/5.0.6/extentreports-5.0.6.jar!/com/aventstack/extentreports/templates/spark/macros/log.ftl"
DEBUG   17292   [freemark] (): Couldn't find template in cache for "spark/macros/recurse_nodes.ftl"("en_IN", UTF-8, parsed); will try to load it.
DEBUG   17292   [freemark] (): TemplateLoader.findTemplateSource("spark/macros/recurse_nodes_en_IN.ftl"): Not found
DEBUG   17292   [freemark] (): TemplateLoader.findTemplateSource("spark/macros/recurse_nodes_en.ftl"): Not found
DEBUG   17292   [freemark] (): TemplateLoader.findTemplateSource("spark/macros/recurse_nodes.ftl"): Found
DEBUG   17292   [freemark] (): Loading template for "spark/macros/recurse_nodes.ftl"("en_IN", UTF-8, parsed) from "jar:file:/C:/Users/DELL/.m2/repository/com/aventstack/extentreports/5.0.6/extentreports-5.0.6.jar!/com/aventstack/extentreports/templates/spark/macros/recurse_nodes.ftl"
DEBUG   17292   [freemark] (): "spark/macros/log.ftl"("en_IN", UTF-8, parsed) cached copy not yet stale; using cached.
DEBUG   17292   [freemark] (): Couldn't find template in cache for "spark/macros/attr-common.ftl"("en_IN", UTF-8, parsed); will try to load it.
DEBUG   17292   [freemark] (): TemplateLoader.findTemplateSource("spark/macros/attr-common_en_IN.ftl"): Not found
DEBUG   17292   [freemark] (): TemplateLoader.findTemplateSource("spark/macros/attr-common_en.ftl"): Not found
DEBUG   17292   [freemark] (): TemplateLoader.findTemplateSource("spark/macros/attr-common.ftl"): Found
DEBUG   17292   [freemark] (): Loading template for "spark/macros/attr-common.ftl"("en_IN", UTF-8, parsed) from "jar:file:/C:/Users/DELL/.m2/repository/com/aventstack/extentreports/5.0.6/extentreports-5.0.6.jar!/com/aventstack/extentreports/templates/spark/macros/attr-common.ftl"
DEBUG   17292   [freemark] (): Couldn't find template in cache for "spark/partials/head.ftl"("en_IN", UTF-8, parsed); will try to load it.
DEBUG   17292   [freemark] (): TemplateLoader.findTemplateSource("spark/partials/head_en_IN.ftl"): Not found
DEBUG   17292   [freemark] (): TemplateLoader.findTemplateSource("spark/partials/head_en.ftl"): Not found
DEBUG   17292   [freemark] (): TemplateLoader.findTemplateSource("spark/partials/head.ftl"): Found
DEBUG   17292   [freemark] (): Loading template for "spark/partials/head.ftl"("en_IN", UTF-8, parsed) from "jar:file:/C:/Users/DELL/.m2/repository/com/aventstack/extentreports/5.0.6/extentreports-5.0.6.jar!/com/aventstack/extentreports/templates/spark/partials/head.ftl"
DEBUG   17292   [freemark] (): Couldn't find template in cache for "commons/commons-inject-css.ftl"("en_IN", UTF-8, parsed); will try to load it.
DEBUG   17292   [freemark] (): TemplateLoader.findTemplateSource("commons/commons-inject-css_en_IN.ftl"): Not found
DEBUG   17292   [freemark] (): TemplateLoader.findTemplateSource("commons/commons-inject-css_en.ftl"): Not found
DEBUG   17292   [freemark] (): TemplateLoader.findTemplateSource("commons/commons-inject-css.ftl"): Found
DEBUG   17292   [freemark] (): Loading template for "commons/commons-inject-css.ftl"("en_IN", UTF-8, parsed) from "jar:file:/C:/Users/DELL/.m2/repository/com/aventstack/extentreports/5.0.6/extentreports-5.0.6.jar!/com/aventstack/extentreports/templates/commons/commons-inject-css.ftl"
DEBUG   17292   [freemark] (): Couldn't find template in cache for "spark/partials/navbar.ftl"("en_IN", UTF-8, parsed); will try to load it.
DEBUG   17292   [freemark] (): TemplateLoader.findTemplateSource("spark/partials/navbar_en_IN.ftl"): Not found
DEBUG   17292   [freemark] (): TemplateLoader.findTemplateSource("spark/partials/navbar_en.ftl"): Not found
DEBUG   17292   [freemark] (): TemplateLoader.findTemplateSource("spark/partials/navbar.ftl"): Found
DEBUG   17292   [freemark] (): Loading template for "spark/partials/navbar.ftl"("en_IN", UTF-8, parsed) from "jar:file:/C:/Users/DELL/.m2/repository/com/aventstack/extentreports/5.0.6/extentreports-5.0.6.jar!/com/aventstack/extentreports/templates/spark/partials/navbar.ftl"
DEBUG   17292   [freemark] (): Couldn't find template in cache for "spark/partials/sidenav.ftl"("en_IN", UTF-8, parsed); will try to load it.
DEBUG   17292   [freemark] (): TemplateLoader.findTemplateSource("spark/partials/sidenav_en_IN.ftl"): Not found
DEBUG   17292   [freemark] (): TemplateLoader.findTemplateSource("spark/partials/sidenav_en.ftl"): Not found
DEBUG   17292   [freemark] (): TemplateLoader.findTemplateSource("spark/partials/sidenav.ftl"): Found
DEBUG   17292   [freemark] (): Loading template for "spark/partials/sidenav.ftl"("en_IN", UTF-8, parsed) from "jar:file:/C:/Users/DELL/.m2/repository/com/aventstack/extentreports/5.0.6/extentreports-5.0.6.jar!/com/aventstack/extentreports/templates/spark/partials/sidenav.ftl"
DEBUG   17292   [freemark] (): Couldn't find template in cache for "spark/partials/test.ftl"("en_IN", UTF-8, parsed); will try to load it.
DEBUG   17292   [freemark] (): TemplateLoader.findTemplateSource("spark/partials/test_en_IN.ftl"): Not found
DEBUG   17292   [freemark] (): TemplateLoader.findTemplateSource("spark/partials/test_en.ftl"): Not found
DEBUG   17292   [freemark] (): TemplateLoader.findTemplateSource("spark/partials/test.ftl"): Found
DEBUG   17292   [freemark] (): Loading template for "spark/partials/test.ftl"("en_IN", UTF-8, parsed) from "jar:file:/C:/Users/DELL/.m2/repository/com/aventstack/extentreports/5.0.6/extentreports-5.0.6.jar!/com/aventstack/extentreports/templates/spark/partials/test.ftl"
DEBUG   17292   [freemark] (): Couldn't find template in cache for "spark/partials/standard-content.ftl"("en_IN", UTF-8, parsed); will try to load it.
DEBUG   17292   [freemark] (): TemplateLoader.findTemplateSource("spark/partials/standard-content_en_IN.ftl"): Not found
DEBUG   17292   [freemark] (): TemplateLoader.findTemplateSource("spark/partials/standard-content_en.ftl"): Not found
DEBUG   17292   [freemark] (): TemplateLoader.findTemplateSource("spark/partials/standard-content.ftl"): Found
DEBUG   17292   [freemark] (): Loading template for "spark/partials/standard-content.ftl"("en_IN", UTF-8, parsed) from "jar:file:/C:/Users/DELL/.m2/repository/com/aventstack/extentreports/5.0.6/extentreports-5.0.6.jar!/com/aventstack/extentreports/templates/spark/partials/standard-content.ftl"
DEBUG   17292   [freemark] (): Couldn't find template in cache for "spark/partials/exception.ftl"("en_IN", UTF-8, parsed); will try to load it.
DEBUG   17292   [freemark] (): TemplateLoader.findTemplateSource("spark/partials/exception_en_IN.ftl"): Not found
DEBUG   17292   [freemark] (): TemplateLoader.findTemplateSource("spark/partials/exception_en.ftl"): Not found
DEBUG   17292   [freemark] (): TemplateLoader.findTemplateSource("spark/partials/exception.ftl"): Found
DEBUG   17292   [freemark] (): Loading template for "spark/partials/exception.ftl"("en_IN", UTF-8, parsed) from "jar:file:/C:/Users/DELL/.m2/repository/com/aventstack/extentreports/5.0.6/extentreports-5.0.6.jar!/com/aventstack/extentreports/templates/spark/partials/exception.ftl"
DEBUG   17292   [freemark] (): Couldn't find template in cache for "spark/partials/category.ftl"("en_IN", UTF-8, parsed); will try to load it.
DEBUG   17292   [freemark] (): TemplateLoader.findTemplateSource("spark/partials/category_en_IN.ftl"): Not found
DEBUG   17292   [freemark] (): TemplateLoader.findTemplateSource("spark/partials/category_en.ftl"): Not found
DEBUG   17292   [freemark] (): TemplateLoader.findTemplateSource("spark/partials/category.ftl"): Found
DEBUG   17292   [freemark] (): Loading template for "spark/partials/category.ftl"("en_IN", UTF-8, parsed) from "jar:file:/C:/Users/DELL/.m2/repository/com/aventstack/extentreports/5.0.6/extentreports-5.0.6.jar!/com/aventstack/extentreports/templates/spark/partials/category.ftl"
DEBUG   17292   [freemark] (): Couldn't find template in cache for "spark/partials/device.ftl"("en_IN", UTF-8, parsed); will try to load it.
DEBUG   17292   [freemark] (): TemplateLoader.findTemplateSource("spark/partials/device_en_IN.ftl"): Not found
DEBUG   17292   [freemark] (): TemplateLoader.findTemplateSource("spark/partials/device_en.ftl"): Not found
DEBUG   17292   [freemark] (): TemplateLoader.findTemplateSource("spark/partials/device.ftl"): Found
DEBUG   17292   [freemark] (): Loading template for "spark/partials/device.ftl"("en_IN", UTF-8, parsed) from "jar:file:/C:/Users/DELL/.m2/repository/com/aventstack/extentreports/5.0.6/extentreports-5.0.6.jar!/com/aventstack/extentreports/templates/spark/partials/device.ftl"
DEBUG   17292   [freemark] (): Couldn't find template in cache for "spark/partials/author.ftl"("en_IN", UTF-8, parsed); will try to load it.
DEBUG   17292   [freemark] (): TemplateLoader.findTemplateSource("spark/partials/author_en_IN.ftl"): Not found
DEBUG   17292   [freemark] (): TemplateLoader.findTemplateSource("spark/partials/author_en.ftl"): Not found
DEBUG   17292   [freemark] (): TemplateLoader.findTemplateSource("spark/partials/author.ftl"): Found
DEBUG   17292   [freemark] (): Loading template for "spark/partials/author.ftl"("en_IN", UTF-8, parsed) from "jar:file:/C:/Users/DELL/.m2/repository/com/aventstack/extentreports/5.0.6/extentreports-5.0.6.jar!/com/aventstack/extentreports/templates/spark/partials/author.ftl"
DEBUG   17292   [freemark] (): Couldn't find template in cache for "spark/partials/log.ftl"("en_IN", UTF-8, parsed); will try to load it.
DEBUG   17292   [freemark] (): TemplateLoader.findTemplateSource("spark/partials/log_en_IN.ftl"): Not found
DEBUG   17292   [freemark] (): TemplateLoader.findTemplateSource("spark/partials/log_en.ftl"): Not found
DEBUG   17292   [freemark] (): TemplateLoader.findTemplateSource("spark/partials/log.ftl"): Found
DEBUG   17292   [freemark] (): Loading template for "spark/partials/log.ftl"("en_IN", UTF-8, parsed) from "jar:file:/C:/Users/DELL/.m2/repository/com/aventstack/extentreports/5.0.6/extentreports-5.0.6.jar!/com/aventstack/extentreports/templates/spark/partials/log.ftl"
DEBUG   17292   [freemark] (): Couldn't find template in cache for "spark/partials/dashboard.ftl"("en_IN", UTF-8, parsed); will try to load it.
DEBUG   17292   [freemark] (): TemplateLoader.findTemplateSource("spark/partials/dashboard_en_IN.ftl"): Not found
DEBUG   17292   [freemark] (): TemplateLoader.findTemplateSource("spark/partials/dashboard_en.ftl"): Not found
DEBUG   17292   [freemark] (): TemplateLoader.findTemplateSource("spark/partials/dashboard.ftl"): Found
DEBUG   17292   [freemark] (): Loading template for "spark/partials/dashboard.ftl"("en_IN", UTF-8, parsed) from "jar:file:/C:/Users/DELL/.m2/repository/com/aventstack/extentreports/5.0.6/extentreports-5.0.6.jar!/com/aventstack/extentreports/templates/spark/partials/dashboard.ftl"
DEBUG   17292   [freemark] (): Couldn't find template in cache for "spark/partials/scripts.ftl"("en_IN", UTF-8, parsed); will try to load it.
DEBUG   17292   [freemark] (): TemplateLoader.findTemplateSource("spark/partials/scripts_en_IN.ftl"): Not found
DEBUG   17292   [freemark] (): TemplateLoader.findTemplateSource("spark/partials/scripts_en.ftl"): Not found
DEBUG   17292   [freemark] (): TemplateLoader.findTemplateSource("spark/partials/scripts.ftl"): Found
DEBUG   17292   [freemark] (): Loading template for "spark/partials/scripts.ftl"("en_IN", UTF-8, parsed) from "jar:file:/C:/Users/DELL/.m2/repository/com/aventstack/extentreports/5.0.6/extentreports-5.0.6.jar!/com/aventstack/extentreports/templates/spark/partials/scripts.ftl"
DEBUG   17292   [freemark] (): Couldn't find template in cache for "commons/commons-inject-js.ftl"("en_IN", UTF-8, parsed); will try to load it.
DEBUG   17292   [freemark] (): TemplateLoader.findTemplateSource("commons/commons-inject-js_en_IN.ftl"): Not found
DEBUG   17292   [freemark] (): TemplateLoader.findTemplateSource("commons/commons-inject-js_en.ftl"): Not found
DEBUG   17292   [freemark] (): TemplateLoader.findTemplateSource("commons/commons-inject-js.ftl"): Found
DEBUG   17292   [freemark] (): Loading template for "commons/commons-inject-js.ftl"("en_IN", UTF-8, parsed) from "jar:file:/C:/Users/DELL/.m2/repository/com/aventstack/extentreports/5.0.6/extentreports-5.0.6.jar!/com/aventstack/extentreports/templates/commons/commons-inject-js.ftl"
]]></system-out>
    <system-err><![CDATA[Oct 18, 2024 3:23:58 PM org.openqa.selenium.devtools.CdpVersionFinder findNearestMatch
WARNING: Unable to find an exact match for CDP version 129, returning the closest version; found: 127; Please update to a Selenium version that supports CDP version 129
]]></system-err>
  </testcase>
</testsuite>