<?xml version="1.0" encoding="UTF-8"?>
<!-- Generated by org.testng.reporters.JUnitReportReporter -->
<testsuite hostname="DESKTOP-8T4D3JD" failures="0" tests="1" name="com.test.Contacttest" time="0.006" errors="0" timestamp="2024-10-18T15:19:05 IST" skipped="0">
  <testcase classname="com.test.Contacttest" name="Contactpage" time="0.006"/>
  <system-out/>
</testsuite> <!-- com.test.Contacttest -->
