<?xml version="1.0" encoding="UTF-8"?>
<!-- Generated by org.testng.reporters.JUnitReportReporter -->
<testsuite hostname="DESKTOP-8T4D3JD" failures="0" tests="1" name="com.test.LoginTest" time="0.933" errors="0" timestamp="2024-10-18T15:19:05 IST" skipped="0">
  <testcase classname="com.test.LoginTest" name="testLogin" time="0.933"/>
  <system-out/>
</testsuite> <!-- com.test.LoginTest -->
