<?xml version="1.0" encoding="UTF-8"?>
<!-- Generated by org.testng.reporters.JUnitReportReporter -->
<testsuite hostname="DESKTOP-8T4D3JD" failures="0" tests="1" name="com.test.Producttest" time="0.141" errors="0" timestamp="2024-10-18T15:19:05 IST" skipped="0">
  <testcase classname="com.test.Producttest" name="testPrintProductDetails" time="0.141"/>
  <system-out/>
</testsuite> <!-- com.test.Producttest -->
